Unity Editor version:    6000.2.14f1 (589824c1fc31)
Branch:                  6000.2/staging
Build type:              Release
Batch mode:              YES
macOS version:           Version 26.1 (Build 25B78)
Darwin version:          25.1.0
Architecture:            arm64
Running under Rosetta:   NO
Available memory:        16384 MB
Date:                    2025-12-15T15:04:40Z
[Licensing::Module] Trying to connect to existing licensing client channel...
[Licensing::IpcConnector] Successfully connected to: "LicenseClient-alexey" at "2025-12-15T15:04:40.618655Z"

COMMAND LINE ARGUMENTS:
/Applications/Unity/Hub/Editor/6000.2.14f1/Unity.app/Contents/MacOS/Unity
-adb2
-batchMode
-noUpm
-name
AssetImportWorker0
-projectPath
/Users/alexey/Downloads/ShootEmUp (Dirty)
-logFile
Logs/AssetImportWorker0.log
-srvPort
50886
-licensingIpc
LicenseClient-alexey
-job-worker-count
3
-background-job-worker-count
8
-gc-helper-count
1
-name AssetImport
Successfully changed project path to: /Users/alexey/Downloads/ShootEmUp (Dirty)
/Users/alexey/Downloads/ShootEmUp (Dirty)
[UnityMemory] Configuration Parameters - Can be set up in boot.config
    "memorysetup-allocator-temp-initial-block-size-main=262144"
    "memorysetup-allocator-temp-initial-block-size-worker=262144"
    "memorysetup-bucket-allocator-granularity=16"
    "memorysetup-bucket-allocator-bucket-count=8"
    "memorysetup-bucket-allocator-block-size=33554432"
    "memorysetup-bucket-allocator-block-count=8"
    "memorysetup-main-allocator-block-size=16777216"
    "memorysetup-thread-allocator-block-size=16777216"
    "memorysetup-gfx-main-allocator-block-size=16777216"
    "memorysetup-gfx-thread-allocator-block-size=16777216"
    "memorysetup-cache-allocator-block-size=4194304"
    "memorysetup-typetree-allocator-block-size=2097152"
    "memorysetup-profiler-bucket-allocator-granularity=16"
    "memorysetup-profiler-bucket-allocator-bucket-count=8"
    "memorysetup-profiler-bucket-allocator-block-size=33554432"
    "memorysetup-profiler-bucket-allocator-block-count=8"
    "memorysetup-profiler-allocator-block-size=16777216"
    "memorysetup-profiler-editor-allocator-block-size=1048576"
    "memorysetup-temp-allocator-size-main=16777216"
    "memorysetup-job-temp-allocator-block-size=2097152"
    "memorysetup-job-temp-allocator-block-size-background=1048576"
    "memorysetup-job-temp-allocator-reduction-small-platforms=262144"
    "memorysetup-temp-allocator-size-background-worker=32768"
    "memorysetup-temp-allocator-size-job-worker=262144"
    "memorysetup-temp-allocator-size-preload-manager=33554432"
    "memorysetup-temp-allocator-size-nav-mesh-worker=65536"
    "memorysetup-temp-allocator-size-audio-worker=65536"
    "memorysetup-temp-allocator-size-cloud-worker=32768"
    "memorysetup-temp-allocator-size-gi-baking-worker=262144"
    "memorysetup-temp-allocator-size-gi-baking-worker=262144"
    "memorysetup-temp-allocator-size-gi-baking-worker=262144"
    "memorysetup-temp-allocator-size-gi-baking-worker=262144"
    "memorysetup-temp-allocator-size-gi-baking-worker=262144"
    "memorysetup-temp-allocator-size-gfx=262144"
Player connection [8796610688]  Target information:

Player connection [8796610688]  * "[IP] 127.0.2.2 [Port] 0 [Flags] 2 [Guid] 3487171534 [EditorId] 3487171534 [Version] 1048832 [Id] OSXEditor(0,BY-D923CXW534) [Debug] 1 [PackageName] OSXEditor [ProjectName] Editor" 

Player connection [8796610688]  * "[IP] 127.0.2.3 [Port] 0 [Flags] 2 [Guid] 3487171534 [EditorId] 3487171534 [Version] 1048832 [Id] OSXEditor(0,BY-D923CXW534) [Debug] 1 [PackageName] OSXEditor [ProjectName] Editor" 

Player connection [8796610688]  * "[IP] 192.168.1.92 [Port] 0 [Flags] 2 [Guid] 3487171534 [EditorId] 3487171534 [Version] 1048832 [Id] OSXEditor(0,BY-D923CXW534) [Debug] 1 [PackageName] OSXEditor [ProjectName] Editor" 

Player connection [8796610688]  * "[IP] 100.96.0.126 [Port] 0 [Flags] 2 [Guid] 3487171534 [EditorId] 3487171534 [Version] 1048832 [Id] OSXEditor(0,BY-D923CXW534) [Debug] 1 [PackageName] OSXEditor [ProjectName] Editor" 

Player connection [8796610688] Host joined multi-casting on [225.0.0.222:54997]...
Player connection [8796610688] Host joined alternative multi-casting on [225.0.0.222:34997]...
JobSystem: Creating JobQueue using job-worker-count value 3
Input System module state changed to: Initialized.
[Physics::Module] Initialized fallback backend.
[Physics::Module] Id: 0xdecafbad
Library Redirect Path: Library/
[Physics::Module] Selected backend.
[Physics::Module] Name: PhysX
[Physics::Module] Id: 0xf2b8ea05
[Physics::Module] SDK Version: 4.1.2
[Physics::Module] Integration Version: 1.0.0
[Physics::Module] Threading Mode: Multi-Threaded
[Licensing::Module] Licensing is not yet initialized.
[Licensing::Client] Handshaking with LicensingClient:
  Version:                 1.17.4+4293ba1
  Session Id:              11ca7744699246dba4ba6814fb7e23d6
  Correlation Id:          186c822826f3603586ce375002f759ac
  External correlation Id: 5518257118783025864
  Machine Id:              RYLX0zPvX3ywOyyQwz0du8IYOTQ=
[Licensing::Module] Successfully connected to LicensingClient on channel: "LicenseClient-alexey" (connect: 0.00s, validation: 0.00s, handshake: 0.62s)
[Licensing::IpcConnector] Successfully connected to: "LicenseClient-alexey-notifications" at "2025-12-15T15:04:41.242743Z"
[Licensing::Module] Licensing Background thread has ended after 0.62s
[Licensing::Module] Licensing is initialized (took 0.30s).
[Licensing::Client] Successfully resolved entitlement details
[Licensing::Module] License group:
  Id: SC-GJXG-9WXN-YSRV-8BNU-XXXX
  Product: Unity Pro
  Type: ULF
  Expiration: 2025-12-25T00:00:00Z
[Licensing::Module] License group:
  Id: 7972454158402-easybrain-ltd-UnityGamesPrXXXX
  Product: Unity Enterprise
  Type: Assigned
  Expiration: 2025-12-19T00:00:00Z
Refreshing native plugins compatible for Editor in 5.72 ms, found 1 plugins.
Preloading 0 native plugins for Editor in 0.00 ms.
Initialize engine version: 6000.2.14f1 (589824c1fc31)
[Subsystems] Discovering subsystems at path /Applications/Unity/Hub/Editor/6000.2.14f1/Unity.app/Contents/Resources/UnitySubsystems
[Subsystems] Discovering subsystems at path /Users/alexey/Downloads/ShootEmUp (Dirty)/Assets
GfxDevice: creating device client; kGfxThreadingModeNonThreaded
 preferred device: Apple M1 Pro (high power)
Metal devices available: 1
0: Apple M1 Pro (high power)
Using device Apple M1 Pro (high power)
Initializing Metal device caps: Apple M1 Pro
Mac GPU Family: 2
Apple GPU Family: 7
MSL Version: 3.0
Has Float MSAA: 1
Has Float Filtering: 1
ReadWrite Texture Tier: 2
Initialize mono
Mono path[0] = '/Applications/Unity/Hub/Editor/6000.2.14f1/Unity.app/Contents/Managed'
Mono path[1] = '/Applications/Unity/Hub/Editor/6000.2.14f1/Unity.app/Contents/MonoBleedingEdge/lib/mono/unityjit-macos'
Mono config path = '/Applications/Unity/Hub/Editor/6000.2.14f1/Unity.app/Contents/MonoBleedingEdge/etc'
Using monoOptions --debugger-agent=transport=dt_socket,embedding=1,server=y,suspend=n,address=127.0.0.1:56753
Begin MonoManager ReloadAssembly
Registering precompiled unity dll's ...
Register platform support module: /Applications/Unity/Hub/Editor/6000.2.14f1/Unity.app/Contents/PlaybackEngines/MacStandaloneSupport/UnityEditor.OSXStandalone.Extensions.dll
Register platform support module: /Applications/Unity/Hub/Editor/6000.2.14f1/PlaybackEngines/AndroidPlayer/UnityEditor.Android.Extensions.dll
[Licensing::Client] Successfully resolved entitlement details
[Licensing::Module] License group:
  Id: SC-GJXG-9WXN-YSRV-8BNU-XXXX
  Product: Unity Pro
  Type: ULF
  Expiration: 2025-12-25T00:00:00Z
[Licensing::Module] License group:
  Id: 7972454158402-easybrain-ltd-UnityGamesPrXXXX
  Product: Unity Enterprise
  Type: Assigned
  Expiration: 2025-12-19T00:00:00Z
Register platform support module: /Applications/Unity/Hub/Editor/6000.2.14f1/PlaybackEngines/iOSSupport/UnityEditor.iOS.Extensions.dll
Registered in 0.002789 seconds.
- Loaded All Assemblies, in  0.278 seconds
[usbmuxd] Start listen thread
[usbmuxd] Listen thread started
[usbmuxd] Send listen message
Native extension for iOS target not found
Native extension for Android target not found
Android Extension - Scanning For ADB Devices 100 ms
Native extension for OSXStandalone target not found
Mono: successfully reloaded assembly
- Finished resetting the current domain, in  0.455 seconds
Domain Reload Profiling: 733ms
	BeginReloadAssembly (93ms)
		ExecutionOrderSort (0ms)
		DisableScriptedObjects (0ms)
		BackupInstance (0ms)
		ReleaseScriptingObjects (0ms)
		CreateAndSetChildDomain (0ms)
	RebuildCommonClasses (26ms)
	RebuildNativeTypeToScriptingClass (10ms)
	initialDomainReloadingComplete (29ms)
	LoadAllAssembliesAndSetupDomain (120ms)
		LoadAssemblies (94ms)
		RebuildTransferFunctionScriptingTraits (0ms)
		AnalyzeDomain (117ms)
			TypeCache.Refresh (116ms)
				TypeCache.ScanAssembly (106ms)
			BuildScriptInfoCaches (0ms)
			ResolveRequiredComponents (0ms)
	FinalizeReload (455ms)
		ReleaseScriptCaches (0ms)
		RebuildScriptCaches (0ms)
		SetupLoadedEditorAssemblies (423ms)
			LogAssemblyErrors (0ms)
			InitializePlatformSupportModulesInManaged (237ms)
			SetLoadedEditorAssemblies (2ms)
			BeforeProcessingInitializeOnLoad (54ms)
			ProcessInitializeOnLoadAttributes (82ms)
			ProcessInitializeOnLoadMethodAttributes (47ms)
			AfterProcessingInitializeOnLoad (0ms)
			EditorAssembliesLoaded (0ms)
		ExecutionOrderSort2 (0ms)
		AwakeInstancesAfterBackupRestoration (0ms)
[CoreBusinessMetrics] Unexpected thread when updating session info.
========================================================================
Worker process is ready to serve import requests
Import Worker Mode flag is 0x00
Begin MonoManager ReloadAssembly
[Licensing::Client] Successfully resolved entitlement details
[Licensing::Module] License group:
  Id: SC-GJXG-9WXN-YSRV-8BNU-XXXX
  Product: Unity Pro
  Type: ULF
  Expiration: 2025-12-25T00:00:00Z
[Licensing::Module] License group:
  Id: 7972454158402-easybrain-ltd-UnityGamesPrXXXX
  Product: Unity Enterprise
  Type: Assigned
  Expiration: 2025-12-19T00:00:00Z
Symbol file LoadedFromMemory is not a mono symbol file
- Loaded All Assemblies, in  0.434 seconds
Script 'CharacterController' has the same name as built-in Unity component.
AddComponent and GetComponent will not work with this script.
Refreshing native plugins compatible for Editor in 1.98 ms, found 1 plugins.
Native extension for iOS target not found
Native extension for Android target not found
Native extension for OSXStandalone target not found
Refreshing native plugins compatible for Editor in 1.23 ms, found 1 plugins.
Package Manager log level set to [2]
[Package Manager] Failed to launch server process. Reason: Unity was launched with the -noUpm command-line argument
[Package Manager] Unable to send message (not connected to server process).
[Package Manager] Cannot connect to Unity Package Manager local server
Mono: successfully reloaded assembly
- Finished resetting the current domain, in  0.511 seconds
Domain Reload Profiling: 944ms
	BeginReloadAssembly (97ms)
		ExecutionOrderSort (0ms)
		DisableScriptedObjects (4ms)
		BackupInstance (0ms)
		ReleaseScriptingObjects (0ms)
		CreateAndSetChildDomain (18ms)
	RebuildCommonClasses (25ms)
	RebuildNativeTypeToScriptingClass (9ms)
	initialDomainReloadingComplete (14ms)
	LoadAllAssembliesAndSetupDomain (288ms)
		LoadAssemblies (245ms)
		RebuildTransferFunctionScriptingTraits (0ms)
		AnalyzeDomain (89ms)
			TypeCache.Refresh (71ms)
				TypeCache.ScanAssembly (58ms)
			BuildScriptInfoCaches (14ms)
			ResolveRequiredComponents (2ms)
	FinalizeReload (511ms)
		ReleaseScriptCaches (0ms)
		RebuildScriptCaches (0ms)
		SetupLoadedEditorAssemblies (415ms)
			LogAssemblyErrors (0ms)
			InitializePlatformSupportModulesInManaged (14ms)
			SetLoadedEditorAssemblies (2ms)
			BeforeProcessingInitializeOnLoad (81ms)
			ProcessInitializeOnLoadAttributes (209ms)
			ProcessInitializeOnLoadMethodAttributes (108ms)
			AfterProcessingInitializeOnLoad (1ms)
			EditorAssembliesLoaded (0ms)
		ExecutionOrderSort2 (0ms)
		AwakeInstancesAfterBackupRestoration (2ms)
Launching external process: /Applications/Unity/Hub/Editor/6000.2.14f1/Unity.app/Contents/Tools/UnityShaderCompiler
Launched and connected shader compiler UnityShaderCompiler after 0.04 seconds
Refreshing native plugins compatible for Editor in 1.88 ms, found 1 plugins.
Preloading 0 native plugins for Editor in 0.00 ms.
Unloading 0 Unused Serialized files (Serialized files now loaded: 0)
Unloading 2935 unused Assets / (0.8 MB). Loaded Objects now: 3405.
Memory consumption went from 73.9 MB to 73.1 MB.
Total: 8.273584 ms (FindLiveObjects: 0.356334 ms CreateObjectMapping: 0.086041 ms MarkObjects: 7.161834 ms  DeleteObjects: 0.668792 ms)

========================================================================
Received Import Request.
  Time since last request: 167492.946842 seconds.
  path: Assets/Scripts/Input/InputManager.cs
  artifactKey: Guid(b55e0c0d37f64d1f835fe367d4939922) Importer(815301076,1909f56bfc062723c751e8b465ee728b)
Start importing Assets/Scripts/Input/InputManager.cs using Guid(b55e0c0d37f64d1f835fe367d4939922) Importer(815301076,1909f56bfc062723c751e8b465ee728b) (PreviewImporter) -> (artifact id: '6485b67116ea333303074ddd92ac8544') in 0.002447 seconds
Number of updated asset objects reloaded before import = 0Number of asset objects unloaded after import = 0

========================================================================
Received Import Request.
  Time since last request: 13914.204147 seconds.
  path: Assets/Scripts/Bullets/BulletUtils.cs
  artifactKey: Guid(10170a2c6399410e9550a00b0f3b40b1) Importer(815301076,1909f56bfc062723c751e8b465ee728b)
Start importing Assets/Scripts/Bullets/BulletUtils.cs using Guid(10170a2c6399410e9550a00b0f3b40b1) Importer(815301076,1909f56bfc062723c751e8b465ee728b) (PreviewImporter) -> (artifact id: '64cec5cd6458cfde9b95e70f31cd353a') in 0.008744083 seconds
Number of updated asset objects reloaded before import = 0Number of asset objects unloaded after import = 0

========================================================================
Received Import Request.
  Time since last request: 51.935374 seconds.
  path: Assets/Configs/PlayerBullet.asset
  artifactKey: Guid(7138ae5d32d814e0ca50c616c65ea105) Importer(2089858483,192608db42251d675da83286b1cce702)
Start importing Assets/Configs/PlayerBullet.asset using Guid(7138ae5d32d814e0ca50c616c65ea105) Importer(2089858483,192608db42251d675da83286b1cce702) (ScriptedImporter) -> (artifact id: '4356f5cd9ce4f1390e06374a1a6d816b') in 0.079662625 seconds
Number of updated asset objects reloaded before import = 0Number of asset objects unloaded after import = 1

========================================================================
Received Import Request.
  Time since last request: 0.000140 seconds.
  path: Assets/Scripts/Input/InputManager.cs
  artifactKey: Guid(b55e0c0d37f64d1f835fe367d4939922) Importer(2089858483,192608db42251d675da83286b1cce702)
Start importing Assets/Scripts/Input/InputManager.cs using Guid(b55e0c0d37f64d1f835fe367d4939922) Importer(2089858483,192608db42251d675da83286b1cce702) (ScriptedImporter) -> (artifact id: 'c7e50e24ff3be8492c076b9584218e99') in 0.009161917 seconds
Number of updated asset objects reloaded before import = 0Number of asset objects unloaded after import = 0

========================================================================
Received Import Request.
  Time since last request: 0.000124 seconds.
  path: Assets/PhysicsMaterials/Unit.physicsMaterial2D
  artifactKey: Guid(2a54dc216f6924766b4c82fdcf077707) Importer(2089858483,192608db42251d675da83286b1cce702)
Start importing Assets/PhysicsMaterials/Unit.physicsMaterial2D using Guid(2a54dc216f6924766b4c82fdcf077707) Importer(2089858483,192608db42251d675da83286b1cce702) (ScriptedImporter) -> (artifact id: '108c702ac2878e168949ff4f1e43da74') in 0.003603417 seconds
Number of updated asset objects reloaded before import = 0Number of asset objects unloaded after import = 1

========================================================================
Received Import Request.
  Time since last request: 0.000092 seconds.
  path: Assets/Scripts/Enemy/EnemyManager.cs
  artifactKey: Guid(32dae85f8264479bac19d85418d92392) Importer(2089858483,192608db42251d675da83286b1cce702)
Start importing Assets/Scripts/Enemy/EnemyManager.cs using Guid(32dae85f8264479bac19d85418d92392) Importer(2089858483,192608db42251d675da83286b1cce702) (ScriptedImporter) -> (artifact id: '72f76fec6ceb21c2b5f155206c19b52f') in 0.002449334 seconds
Number of updated asset objects reloaded before import = 0Number of asset objects unloaded after import = 0

========================================================================
Received Import Request.
  Time since last request: 0.000143 seconds.
  path: Assets/Scripts/Character/CharacterController.cs
  artifactKey: Guid(c57ed31af8d94ec3b11df7e2b588d40f) Importer(2089858483,192608db42251d675da83286b1cce702)
Start importing Assets/Scripts/Character/CharacterController.cs using Guid(c57ed31af8d94ec3b11df7e2b588d40f) Importer(2089858483,192608db42251d675da83286b1cce702) (ScriptedImporter) -> (artifact id: '8b2ffa54d64c8e2ddc1e4313e72ff29d') in 0.002577958 seconds
Number of updated asset objects reloaded before import = 0Number of asset objects unloaded after import = 0

========================================================================
Received Import Request.
  Time since last request: 0.000117 seconds.
  path: Assets/Scripts/Bullets/BulletSystem.cs
  artifactKey: Guid(37bd15923a144ffbab0333dc6e74e641) Importer(2089858483,192608db42251d675da83286b1cce702)
Start importing Assets/Scripts/Bullets/BulletSystem.cs using Guid(37bd15923a144ffbab0333dc6e74e641) Importer(2089858483,192608db42251d675da83286b1cce702) (ScriptedImporter) -> (artifact id: 'cbdd9e340a9f5501d0fb7a0850af48d9') in 0.002002708 seconds
Number of updated asset objects reloaded before import = 0Number of asset objects unloaded after import = 0

========================================================================
Received Import Request.
  Time since last request: 0.000102 seconds.
  path: Assets/Scenes/Game.unity
  artifactKey: Guid(d2e36b1a96a117e4bab1fee5eae04aa3) Importer(2089858483,192608db42251d675da83286b1cce702)
Start importing Assets/Scenes/Game.unity using Guid(d2e36b1a96a117e4bab1fee5eae04aa3) Importer(2089858483,192608db42251d675da83286b1cce702) (ScriptedImporter) -> (artifact id: '64118792b7cc4dee21f19814fa469cdd') in 0.004256375 seconds
Number of updated asset objects reloaded before import = 0Number of asset objects unloaded after import = 1

========================================================================
Received Import Request.
  Time since last request: 0.000113 seconds.
  path: Assets/Sprites/LevelBackground.png
  artifactKey: Guid(459b6fc115b65405ebe996c8cb26fb56) Importer(2089858483,192608db42251d675da83286b1cce702)
Start importing Assets/Sprites/LevelBackground.png using Guid(459b6fc115b65405ebe996c8cb26fb56) Importer(2089858483,192608db42251d675da83286b1cce702) (ScriptedImporter)[Licensing::Client] Successfully resolved entitlement details
[Licensing::Module] License group:
  Id: SC-GJXG-9WXN-YSRV-8BNU-XXXX
  Product: Unity Pro
  Type: ULF
  Expiration: 2025-12-25T00:00:00Z
[Licensing::Module] License group:
  Id: 7972454158402-easybrain-ltd-UnityGamesPrXXXX
  Product: Unity Enterprise
  Type: Assigned
  Expiration: 2025-12-19T00:00:00Z
[Licensing::Client] Successfully resolved entitlement details
[Licensing::Module] License group:
  Id: SC-GJXG-9WXN-YSRV-8BNU-XXXX
  Product: Unity Pro
  Type: ULF
  Expiration: 2025-12-25T00:00:00Z
[Licensing::Module] License group:
  Id: 7972454158402-easybrain-ltd-UnityGamesPrXXXX
  Product: Unity Enterprise
  Type: Assigned
  Expiration: 2025-12-19T00:00:00Z
 -> (artifact id: '1e0bff1cba130734c5308ea8f5928fea') in 0.039564833 seconds
Number of updated asset objects reloaded before import = 0Number of asset objects unloaded after import = 3

========================================================================
Received Import Request.
  Time since last request: 0.000081 seconds.
  path: Assets/Scripts/Components/HitPointsComponent.cs
  artifactKey: Guid(ae5daa1be9cc40a78a2f07cd53e5b47e) Importer(2089858483,192608db42251d675da83286b1cce702)
Start importing Assets/Scripts/Components/HitPointsComponent.cs using Guid(ae5daa1be9cc40a78a2f07cd53e5b47e) Importer(2089858483,192608db42251d675da83286b1cce702) (ScriptedImporter) -> (artifact id: '14fdb4b0888731fb7dedfd017f36d2d2') in 0.005837958 seconds
Number of updated asset objects reloaded before import = 0Number of asset objects unloaded after import = 0

========================================================================
Received Import Request.
  Time since last request: 0.000149 seconds.
  path: Assets/Scripts/GameManager/GameManager.cs
  artifactKey: Guid(697fe7ba192e484db495320b9c01bcd2) Importer(2089858483,192608db42251d675da83286b1cce702)
Start importing Assets/Scripts/GameManager/GameManager.cs using Guid(697fe7ba192e484db495320b9c01bcd2) Importer(2089858483,192608db42251d675da83286b1cce702) (ScriptedImporter) -> (artifact id: 'ecd0ddd994be35b84e1d37d7f3f86002') in 0.002118625 seconds
Number of updated asset objects reloaded before import = 0Number of asset objects unloaded after import = 0

========================================================================
Received Import Request.
  Time since last request: 0.000126 seconds.
  path: Assets/Scripts/Components/WeaponComponent.cs
  artifactKey: Guid(ce164c84a74a425f8d2e82764aef9e34) Importer(2089858483,192608db42251d675da83286b1cce702)
Start importing Assets/Scripts/Components/WeaponComponent.cs using Guid(ce164c84a74a425f8d2e82764aef9e34) Importer(2089858483,192608db42251d675da83286b1cce702) (ScriptedImporter) -> (artifact id: '7c715b3f32e9c153d3c69fdd6494e16a') in 0.002186208 seconds
Number of updated asset objects reloaded before import = 0Number of asset objects unloaded after import = 0

========================================================================
Received Import Request.
  Time since last request: 0.000093 seconds.
  path: Assets/Sprites/WhiteSquare.jpg
  artifactKey: Guid(b91ccf5bda9c3624e829b27ae950386b) Importer(2089858483,192608db42251d675da83286b1cce702)
Start importing Assets/Sprites/WhiteSquare.jpg using Guid(b91ccf5bda9c3624e829b27ae950386b) Importer(2089858483,192608db42251d675da83286b1cce702) (ScriptedImporter) -> (artifact id: '517df6af608fe455a04d3be5bb045612') in 0.008367958 seconds
Number of updated asset objects reloaded before import = 0Number of asset objects unloaded after import = 3

========================================================================
Received Import Request.
  Time since last request: 0.000070 seconds.
  path: Assets/Prefabs/Character.prefab
  artifactKey: Guid(9699e7e809fd44b2bbf3d30c951ecbd2) Importer(2089858483,192608db42251d675da83286b1cce702)
Start importing Assets/Prefabs/Character.prefab using Guid(9699e7e809fd44b2bbf3d30c951ecbd2) Importer(2089858483,192608db42251d675da83286b1cce702) (ScriptedImporter) -> (artifact id: 'bf859522c1afee9c7a02ff8ce042e85e') in 0.024451791 seconds
Number of updated asset objects reloaded before import = 0Number of asset objects unloaded after import = 16

========================================================================
Received Import Request.
  Time since last request: 0.000025 seconds.
  path: Assets/Scripts/Enemy/Agents/EnemyMoveAgent.cs
  artifactKey: Guid(5bdb5771141e4cf18c434a69ec116e09) Importer(2089858483,192608db42251d675da83286b1cce702)
Start importing Assets/Scripts/Enemy/Agents/EnemyMoveAgent.cs using Guid(5bdb5771141e4cf18c434a69ec116e09) Importer(2089858483,192608db42251d675da83286b1cce702) (ScriptedImporter) -> (artifact id: '93a2bdcaa40ea9758c08e94f1772c082') in 0.0018215 seconds
Number of updated asset objects reloaded before import = 0Number of asset objects unloaded after import = 0

========================================================================
Received Import Request.
  Time since last request: 0.000122 seconds.
  path: Assets/Sprites/Hero.png
  artifactKey: Guid(88fefccac99923c4b9b43e01308d337f) Importer(2089858483,192608db42251d675da83286b1cce702)
Start importing Assets/Sprites/Hero.png using Guid(88fefccac99923c4b9b43e01308d337f) Importer(2089858483,192608db42251d675da83286b1cce702) (ScriptedImporter) -> (artifact id: 'e251307e90bfacf2fdd9656d2e1f5314') in 0.007228125 seconds
Number of updated asset objects reloaded before import = 0Number of asset objects unloaded after import = 3

========================================================================
Received Prepare
Script 'CharacterController' has the same name as built-in Unity component.
AddComponent and GetComponent will not work with this script.
Refreshing native plugins compatible for Editor in 1.82 ms, found 1 plugins.
Preloading 0 native plugins for Editor in 0.00 ms.
Unloading 0 Unused Serialized files (Serialized files now loaded: 0)
Unloading 2902 unused Assets / (0.7 MB). Loaded Objects now: 3408.
Memory consumption went from 75.5 MB to 74.8 MB.
Total: 9.457125 ms (FindLiveObjects: 0.204875 ms CreateObjectMapping: 0.071083 ms MarkObjects: 8.600958 ms  DeleteObjects: 0.579750 ms)

Prepare: number of updated asset objects reloaded= 0
========================================================================
Received Import Request.
  Time since last request: 7.671651 seconds.
  path: Assets/Scripts/Character/PlayerMoving.cs
  artifactKey: Guid(663823329dd2a489d832002c792021be) Importer(815301076,1909f56bfc062723c751e8b465ee728b)
Start importing Assets/Scripts/Character/PlayerMoving.cs using Guid(663823329dd2a489d832002c792021be) Importer(815301076,1909f56bfc062723c751e8b465ee728b) (PreviewImporter) -> (artifact id: '5cae4d64e7846f57eeaa03486d2ed85e') in 0.00046025 seconds
Number of updated asset objects reloaded before import = 0Number of asset objects unloaded after import = 0

========================================================================
Received Import Request.
  Time since last request: 0.920814 seconds.
  path: Assets/Scripts/Character/PlayerMoving.cs
  artifactKey: Guid(663823329dd2a489d832002c792021be) Importer(2089858483,192608db42251d675da83286b1cce702)
Start importing Assets/Scripts/Character/PlayerMoving.cs using Guid(663823329dd2a489d832002c792021be) Importer(2089858483,192608db42251d675da83286b1cce702) (ScriptedImporter) -> (artifact id: '0fc0fedea16153c4c0a4c35183bfe162') in 0.002202833 seconds
Number of updated asset objects reloaded before import = 0Number of asset objects unloaded after import = 0

========================================================================
Received Prepare
Begin MonoManager ReloadAssembly
[Licensing::Client] Successfully resolved entitlement details
[Licensing::Module] License group:
  Id: SC-GJXG-9WXN-YSRV-8BNU-XXXX
  Product: Unity Pro
  Type: ULF
  Expiration: 2025-12-25T00:00:00Z
[Licensing::Module] License group:
  Id: 7972454158402-easybrain-ltd-UnityGamesPrXXXX
  Product: Unity Enterprise
  Type: Assigned
  Expiration: 2025-12-19T00:00:00Z
Thread 0x170587000 may have been prematurely finalized
Symbol file LoadedFromMemory is not a mono symbol file
- Loaded All Assemblies, in  0.389 seconds
Script 'CharacterController' has the same name as built-in Unity component.
AddComponent and GetComponent will not work with this script.
Refreshing native plugins compatible for Editor in 1.16 ms, found 1 plugins.
Native extension for iOS target not found
2025-12-15 21:58:01.694 Unity[65753:2032639] [XcodeApplications] Failed to read NSDictionary from path ؾC2/Contents/Info.plist
Native extension for Android target not found
Native extension for OSXStandalone target not found
Refreshing native plugins compatible for Editor in 1.87 ms, found 1 plugins.
[Package Manager] Failed to launch server process. Reason: Unity was launched with the -noUpm command-line argument
[Package Manager] Unable to send message (not connected to server process).
[Package Manager] Cannot connect to Unity Package Manager local server
Mono: successfully reloaded assembly
- Finished resetting the current domain, in  0.469 seconds
Domain Reload Profiling: 859ms
	BeginReloadAssembly (118ms)
		ExecutionOrderSort (0ms)
		DisableScriptedObjects (5ms)
		BackupInstance (0ms)
		ReleaseScriptingObjects (0ms)
		CreateAndSetChildDomain (33ms)
	RebuildCommonClasses (24ms)
	RebuildNativeTypeToScriptingClass (9ms)
	initialDomainReloadingComplete (14ms)
	LoadAllAssembliesAndSetupDomain (224ms)
		LoadAssemblies (213ms)
		RebuildTransferFunctionScriptingTraits (0ms)
		AnalyzeDomain (59ms)
			TypeCache.Refresh (7ms)
				TypeCache.ScanAssembly (0ms)
			BuildScriptInfoCaches (48ms)
			ResolveRequiredComponents (2ms)
	FinalizeReload (469ms)
		ReleaseScriptCaches (0ms)
		RebuildScriptCaches (0ms)
		SetupLoadedEditorAssemblies (384ms)
			LogAssemblyErrors (0ms)
			InitializePlatformSupportModulesInManaged (13ms)
			SetLoadedEditorAssemblies (2ms)
			BeforeProcessingInitializeOnLoad (77ms)
			ProcessInitializeOnLoadAttributes (191ms)
			ProcessInitializeOnLoadMethodAttributes (101ms)
			AfterProcessingInitializeOnLoad (1ms)
			EditorAssembliesLoaded (0ms)
		ExecutionOrderSort2 (0ms)
		AwakeInstancesAfterBackupRestoration (2ms)
Refreshing native plugins compatible for Editor in 1.94 ms, found 1 plugins.
Preloading 0 native plugins for Editor in 0.00 ms.
Unloading 0 Unused Serialized files (Serialized files now loaded: 0)
Unloading 2934 unused Assets / (417.3 KB). Loaded Objects now: 3409.
Memory consumption went from 89.5 MB to 89.1 MB.
Total: 6.902250 ms (FindLiveObjects: 0.152000 ms CreateObjectMapping: 0.067167 ms MarkObjects: 6.276500 ms  DeleteObjects: 0.406333 ms)

Prepare: number of updated asset objects reloaded= 0
========================================================================
Received Import Request.
  Time since last request: 5.212477 seconds.
  path: Assets/Scripts/Character/PlayerMoving.cs
  artifactKey: Guid(663823329dd2a489d832002c792021be) Importer(815301076,1909f56bfc062723c751e8b465ee728b)
Start importing Assets/Scripts/Character/PlayerMoving.cs using Guid(663823329dd2a489d832002c792021be) Importer(815301076,1909f56bfc062723c751e8b465ee728b) (PreviewImporter) -> (artifact id: 'cc6484134aa794e4763b28a186914c4a') in 0.001111667 seconds
Number of updated asset objects reloaded before import = 0Number of asset objects unloaded after import = 0

========================================================================
Received Prepare
Script 'CharacterController' has the same name as built-in Unity component.
AddComponent and GetComponent will not work with this script.
Refreshing native plugins compatible for Editor in 4.54 ms, found 1 plugins.
Preloading 0 native plugins for Editor in 0.00 ms.
Unloading 0 Unused Serialized files (Serialized files now loaded: 0)
Unloading 2902 unused Assets / (0.7 MB). Loaded Objects now: 3409.
Memory consumption went from 74.5 MB to 73.8 MB.
Total: 7.593084 ms (FindLiveObjects: 0.147500 ms CreateObjectMapping: 0.074500 ms MarkObjects: 6.822083 ms  DeleteObjects: 0.548708 ms)

Prepare: number of updated asset objects reloaded= 0
========================================================================
Received Import Request.
  Time since last request: 97.238129 seconds.
  path: Assets/Scripts/Character/PlayerMovement.cs
  artifactKey: Guid(663823329dd2a489d832002c792021be) Importer(815301076,1909f56bfc062723c751e8b465ee728b)
Start importing Assets/Scripts/Character/PlayerMovement.cs using Guid(663823329dd2a489d832002c792021be) Importer(815301076,1909f56bfc062723c751e8b465ee728b) (PreviewImporter) -> (artifact id: 'a53f5a19e405d0ce123401d6a980f4ef') in 0.0003345 seconds
Number of updated asset objects reloaded before import = 0Number of asset objects unloaded after import = 0

========================================================================
Received Import Request.
  Time since last request: 0.973670 seconds.
  path: Assets/Scripts/Character/PlayerMovement.cs
  artifactKey: Guid(663823329dd2a489d832002c792021be) Importer(2089858483,192608db42251d675da83286b1cce702)
Start importing Assets/Scripts/Character/PlayerMovement.cs using Guid(663823329dd2a489d832002c792021be) Importer(2089858483,192608db42251d675da83286b1cce702) (ScriptedImporter) -> (artifact id: '57377713ccb0016c46b5dce9914a6a43') in 0.043232708 seconds
Number of updated asset objects reloaded before import = 0Number of asset objects unloaded after import = 0

========================================================================
Received Prepare
[Licensing::Client] Successfully resolved entitlement details
[Licensing::Module] License group:
  Id: SC-GJXG-9WXN-YSRV-8BNU-XXXX
  Product: Unity Pro
  Type: ULF
  Expiration: 2025-12-25T00:00:00Z
[Licensing::Module] License group:
  Id: 7972454158402-easybrain-ltd-UnityGamesPrXXXX
  Product: Unity Enterprise
  Type: Assigned
  Expiration: 2025-12-19T00:00:00Z
Begin MonoManager ReloadAssembly
[Licensing::Client] Successfully resolved entitlement details
[Licensing::Module] License group:
  Id: SC-GJXG-9WXN-YSRV-8BNU-XXXX
  Product: Unity Pro
  Type: ULF
  Expiration: 2025-12-25T00:00:00Z
[Licensing::Module] License group:
  Id: 7972454158402-easybrain-ltd-UnityGamesPrXXXX
  Product: Unity Enterprise
  Type: Assigned
  Expiration: 2025-12-19T00:00:00Z
Thread 0x16d96b000 may have been prematurely finalized
Symbol file LoadedFromMemory is not a mono symbol file
- Loaded All Assemblies, in  0.363 seconds
Script 'CharacterController' has the same name as built-in Unity component.
AddComponent and GetComponent will not work with this script.
Refreshing native plugins compatible for Editor in 1.21 ms, found 1 plugins.
Native extension for iOS target not found
Native extension for Android target not found
Native extension for OSXStandalone target not found
Refreshing native plugins compatible for Editor in 1.89 ms, found 1 plugins.
[Package Manager] Failed to launch server process. Reason: Unity was launched with the -noUpm command-line argument
[Package Manager] Unable to send message (not connected to server process).
[Package Manager] Cannot connect to Unity Package Manager local server
Mono: successfully reloaded assembly
- Finished resetting the current domain, in  0.499 seconds
Domain Reload Profiling: 864ms
	BeginReloadAssembly (120ms)
		ExecutionOrderSort (0ms)
		DisableScriptedObjects (4ms)
		BackupInstance (0ms)
		ReleaseScriptingObjects (0ms)
		CreateAndSetChildDomain (36ms)
	RebuildCommonClasses (27ms)
	RebuildNativeTypeToScriptingClass (14ms)
	initialDomainReloadingComplete (14ms)
	LoadAllAssembliesAndSetupDomain (189ms)
		LoadAssemblies (163ms)
		RebuildTransferFunctionScriptingTraits (0ms)
		AnalyzeDomain (63ms)
			TypeCache.Refresh (7ms)
				TypeCache.ScanAssembly (0ms)
			BuildScriptInfoCaches (52ms)
			ResolveRequiredComponents (2ms)
	FinalizeReload (499ms)
		ReleaseScriptCaches (0ms)
		RebuildScriptCaches (0ms)
		SetupLoadedEditorAssemblies (410ms)
			LogAssemblyErrors (0ms)
			InitializePlatformSupportModulesInManaged (15ms)
			SetLoadedEditorAssemblies (2ms)
			BeforeProcessingInitializeOnLoad (80ms)
			ProcessInitializeOnLoadAttributes (201ms)
			ProcessInitializeOnLoadMethodAttributes (111ms)
			AfterProcessingInitializeOnLoad (1ms)
			EditorAssembliesLoaded (0ms)
		ExecutionOrderSort2 (0ms)
		AwakeInstancesAfterBackupRestoration (2ms)
Refreshing native plugins compatible for Editor in 1.36 ms, found 1 plugins.
Preloading 0 native plugins for Editor in 0.00 ms.
Unloading 0 Unused Serialized files (Serialized files now loaded: 0)
Unloading 2934 unused Assets / (0.7 MB). Loaded Objects now: 3410.
Memory consumption went from 88.3 MB to 87.6 MB.
Total: 8.047000 ms (FindLiveObjects: 0.159209 ms CreateObjectMapping: 0.082709 ms MarkObjects: 7.274709 ms  DeleteObjects: 0.529209 ms)

Prepare: number of updated asset objects reloaded= 0
========================================================================
Received Import Request.
  Time since last request: 3.285353 seconds.
  path: Assets/Scripts/Character/PlayerMovement.cs
  artifactKey: Guid(663823329dd2a489d832002c792021be) Importer(815301076,1909f56bfc062723c751e8b465ee728b)
Start importing Assets/Scripts/Character/PlayerMovement.cs using Guid(663823329dd2a489d832002c792021be) Importer(815301076,1909f56bfc062723c751e8b465ee728b) (PreviewImporter) -> (artifact id: 'b6bd8a80a673c8efc2df4da30f9f70ce') in 0.001284667 seconds
Number of updated asset objects reloaded before import = 0Number of asset objects unloaded after import = 0

========================================================================
Received Prepare
Script 'CharacterController' has the same name as built-in Unity component.
AddComponent and GetComponent will not work with this script.
Refreshing native plugins compatible for Editor in 1.62 ms, found 1 plugins.
Preloading 0 native plugins for Editor in 0.00 ms.
Unloading 0 Unused Serialized files (Serialized files now loaded: 0)
Unloading 2901 unused Assets / (0.6 MB). Loaded Objects now: 3409.
Memory consumption went from 74.5 MB to 73.9 MB.
Total: 7.721417 ms (FindLiveObjects: 0.155875 ms CreateObjectMapping: 0.076042 ms MarkObjects: 6.994000 ms  DeleteObjects: 0.494958 ms)

Prepare: number of updated asset objects reloaded= 0
========================================================================
Received Prepare
[Licensing::Client] Successfully resolved entitlement details
[Licensing::Module] License group:
  Id: SC-GJXG-9WXN-YSRV-8BNU-XXXX
  Product: Unity Pro
  Type: ULF
  Expiration: 2025-12-25T00:00:00Z
[Licensing::Module] License group:
  Id: 7972454158402-easybrain-ltd-UnityGamesPrXXXX
  Product: Unity Enterprise
  Type: Assigned
  Expiration: 2025-12-19T00:00:00Z
Begin MonoManager ReloadAssembly
[Licensing::Client] Successfully resolved entitlement details
[Licensing::Module] License group:
  Id: SC-GJXG-9WXN-YSRV-8BNU-XXXX
  Product: Unity Pro
  Type: ULF
  Expiration: 2025-12-25T00:00:00Z
[Licensing::Module] License group:
  Id: 7972454158402-easybrain-ltd-UnityGamesPrXXXX
  Product: Unity Enterprise
  Type: Assigned
  Expiration: 2025-12-19T00:00:00Z
Thread 0x16e087000 may have been prematurely finalized
Symbol file LoadedFromMemory is not a mono symbol file
- Loaded All Assemblies, in  0.346 seconds
Script 'CharacterController' has the same name as built-in Unity component.
AddComponent and GetComponent will not work with this script.
Refreshing native plugins compatible for Editor in 1.29 ms, found 1 plugins.
Native extension for iOS target not found
Native extension for Android target not found
Native extension for OSXStandalone target not found
Refreshing native plugins compatible for Editor in 1.37 ms, found 1 plugins.
[Package Manager] Failed to launch server process. Reason: Unity was launched with the -noUpm command-line argument
[Package Manager] Unable to send message (not connected to server process).
[Package Manager] Cannot connect to Unity Package Manager local server
Mono: successfully reloaded assembly
- Finished resetting the current domain, in  0.478 seconds
Domain Reload Profiling: 825ms
	BeginReloadAssembly (108ms)
		ExecutionOrderSort (0ms)
		DisableScriptedObjects (4ms)
		BackupInstance (0ms)
		ReleaseScriptingObjects (0ms)
		CreateAndSetChildDomain (28ms)
	RebuildCommonClasses (25ms)
	RebuildNativeTypeToScriptingClass (10ms)
	initialDomainReloadingComplete (13ms)
	LoadAllAssembliesAndSetupDomain (192ms)
		LoadAssemblies (169ms)
		RebuildTransferFunctionScriptingTraits (0ms)
		AnalyzeDomain (64ms)
			TypeCache.Refresh (7ms)
				TypeCache.ScanAssembly (0ms)
			BuildScriptInfoCaches (53ms)
			ResolveRequiredComponents (2ms)
	FinalizeReload (478ms)
		ReleaseScriptCaches (0ms)
		RebuildScriptCaches (0ms)
		SetupLoadedEditorAssemblies (388ms)
			LogAssemblyErrors (0ms)
			InitializePlatformSupportModulesInManaged (14ms)
			SetLoadedEditorAssemblies (2ms)
			BeforeProcessingInitializeOnLoad (79ms)
			ProcessInitializeOnLoadAttributes (189ms)
			ProcessInitializeOnLoadMethodAttributes (103ms)
			AfterProcessingInitializeOnLoad (1ms)
			EditorAssembliesLoaded (0ms)
		ExecutionOrderSort2 (0ms)
		AwakeInstancesAfterBackupRestoration (2ms)
Refreshing native plugins compatible for Editor in 1.22 ms, found 1 plugins.
Preloading 0 native plugins for Editor in 0.00 ms.
Unloading 0 Unused Serialized files (Serialized files now loaded: 0)
Unloading 2933 unused Assets / (0.6 MB). Loaded Objects now: 3410.
Memory consumption went from 87.2 MB to 86.6 MB.
Total: 7.173083 ms (FindLiveObjects: 0.146000 ms CreateObjectMapping: 0.068416 ms MarkObjects: 6.504334 ms  DeleteObjects: 0.453500 ms)

Prepare: number of updated asset objects reloaded= 0
========================================================================
Received Prepare
Script 'CharacterController' has the same name as built-in Unity component.
AddComponent and GetComponent will not work with this script.
Refreshing native plugins compatible for Editor in 1.24 ms, found 1 plugins.
Preloading 0 native plugins for Editor in 0.00 ms.
Unloading 0 Unused Serialized files (Serialized files now loaded: 0)
Unloading 2901 unused Assets / (470.1 KB). Loaded Objects now: 3410.
Memory consumption went from 74.5 MB to 74.0 MB.
Total: 7.307208 ms (FindLiveObjects: 0.156791 ms CreateObjectMapping: 0.083750 ms MarkObjects: 6.627042 ms  DeleteObjects: 0.438875 ms)

Prepare: number of updated asset objects reloaded= 0
========================================================================
Received Prepare
Begin MonoManager ReloadAssembly
Thread 0x170807000 may have been prematurely finalized
Symbol file LoadedFromMemory is not a mono symbol file
- Loaded All Assemblies, in  0.357 seconds
Script 'CharacterController' has the same name as built-in Unity component.
AddComponent and GetComponent will not work with this script.
Refreshing native plugins compatible for Editor in 1.21 ms, found 1 plugins.
Native extension for iOS target not found
Native extension for Android target not found
Native extension for OSXStandalone target not found
Refreshing native plugins compatible for Editor in 1.30 ms, found 1 plugins.
[Package Manager] Failed to launch server process. Reason: Unity was launched with the -noUpm command-line argument
[Package Manager] Unable to send message (not connected to server process).
[Package Manager] Cannot connect to Unity Package Manager local server
Mono: successfully reloaded assembly
- Finished resetting the current domain, in  0.494 seconds
Domain Reload Profiling: 852ms
	BeginReloadAssembly (107ms)
		ExecutionOrderSort (0ms)
		DisableScriptedObjects (4ms)
		BackupInstance (0ms)
		ReleaseScriptingObjects (0ms)
		CreateAndSetChildDomain (28ms)
	RebuildCommonClasses (25ms)
	RebuildNativeTypeToScriptingClass (9ms)
	initialDomainReloadingComplete (14ms)
	LoadAllAssembliesAndSetupDomain (204ms)
		LoadAssemblies (183ms)
		RebuildTransferFunctionScriptingTraits (0ms)
		AnalyzeDomain (62ms)
			TypeCache.Refresh (8ms)
				TypeCache.ScanAssembly (0ms)
			BuildScriptInfoCaches (51ms)
			ResolveRequiredComponents (2ms)
	FinalizeReload (494ms)
		ReleaseScriptCaches (0ms)
		RebuildScriptCaches (0ms)
		SetupLoadedEditorAssemblies (401ms)
			LogAssemblyErrors (0ms)
			InitializePlatformSupportModulesInManaged (14ms)
			SetLoadedEditorAssemblies (2ms)
			BeforeProcessingInitializeOnLoad (83ms)
			ProcessInitializeOnLoadAttributes (197ms)
			ProcessInitializeOnLoadMethodAttributes (104ms)
			AfterProcessingInitializeOnLoad (1ms)
			EditorAssembliesLoaded (0ms)
		ExecutionOrderSort2 (0ms)
		AwakeInstancesAfterBackupRestoration (2ms)
Refreshing native plugins compatible for Editor in 1.28 ms, found 1 plugins.
Preloading 0 native plugins for Editor in 0.00 ms.
Unloading 0 Unused Serialized files (Serialized files now loaded: 0)
Unloading 2933 unused Assets / (360.0 KB). Loaded Objects now: 3411.
Memory consumption went from 87.2 MB to 86.8 MB.
Total: 7.327917 ms (FindLiveObjects: 0.136917 ms CreateObjectMapping: 0.070209 ms MarkObjects: 6.619125 ms  DeleteObjects: 0.500875 ms)

Prepare: number of updated asset objects reloaded= 0
========================================================================
Received Prepare
Script 'CharacterController' has the same name as built-in Unity component.
AddComponent and GetComponent will not work with this script.
Refreshing native plugins compatible for Editor in 1.21 ms, found 1 plugins.
Preloading 0 native plugins for Editor in 0.00 ms.
Unloading 0 Unused Serialized files (Serialized files now loaded: 0)
Unloading 2902 unused Assets / (476.1 KB). Loaded Objects now: 3412.
Memory consumption went from 74.5 MB to 74.1 MB.
Total: 7.106125 ms (FindLiveObjects: 0.161000 ms CreateObjectMapping: 0.069917 ms MarkObjects: 6.400125 ms  DeleteObjects: 0.474250 ms)

Prepare: number of updated asset objects reloaded= 0
========================================================================
Received Prepare
[Licensing::Client] Successfully resolved entitlement details
[Licensing::Module] License group:
  Id: SC-GJXG-9WXN-YSRV-8BNU-XXXX
  Product: Unity Pro
  Type: ULF
  Expiration: 2025-12-25T00:00:00Z
[Licensing::Module] License group:
  Id: 7972454158402-easybrain-ltd-UnityGamesPrXXXX
  Product: Unity Enterprise
  Type: Assigned
  Expiration: 2025-12-19T00:00:00Z
Begin MonoManager ReloadAssembly
[Licensing::Client] Successfully resolved entitlement details
[Licensing::Module] License group:
  Id: SC-GJXG-9WXN-YSRV-8BNU-XXXX
  Product: Unity Pro
  Type: ULF
  Expiration: 2025-12-25T00:00:00Z
[Licensing::Module] License group:
  Id: 7972454158402-easybrain-ltd-UnityGamesPrXXXX
  Product: Unity Enterprise
  Type: Assigned
  Expiration: 2025-12-19T00:00:00Z
Thread 0x16df97000 may have been prematurely finalized
Symbol file LoadedFromMemory is not a mono symbol file
- Loaded All Assemblies, in  0.350 seconds
Script 'CharacterController' has the same name as built-in Unity component.
AddComponent and GetComponent will not work with this script.
Refreshing native plugins compatible for Editor in 1.24 ms, found 1 plugins.
Native extension for iOS target not found
Native extension for Android target not found
Native extension for OSXStandalone target not found
Refreshing native plugins compatible for Editor in 1.42 ms, found 1 plugins.
[Package Manager] Failed to launch server process. Reason: Unity was launched with the -noUpm command-line argument
[Package Manager] Unable to send message (not connected to server process).
[Package Manager] Cannot connect to Unity Package Manager local server
Mono: successfully reloaded assembly
- Finished resetting the current domain, in  0.488 seconds
Domain Reload Profiling: 839ms
	BeginReloadAssembly (101ms)
		ExecutionOrderSort (0ms)
		DisableScriptedObjects (4ms)
		BackupInstance (0ms)
		ReleaseScriptingObjects (0ms)
		CreateAndSetChildDomain (24ms)
	RebuildCommonClasses (27ms)
	RebuildNativeTypeToScriptingClass (10ms)
	initialDomainReloadingComplete (13ms)
	LoadAllAssembliesAndSetupDomain (200ms)
		LoadAssemblies (173ms)
		RebuildTransferFunctionScriptingTraits (0ms)
		AnalyzeDomain (66ms)
			TypeCache.Refresh (7ms)
				TypeCache.ScanAssembly (0ms)
			BuildScriptInfoCaches (55ms)
			ResolveRequiredComponents (2ms)
	FinalizeReload (488ms)
		ReleaseScriptCaches (0ms)
		RebuildScriptCaches (0ms)
		SetupLoadedEditorAssemblies (399ms)
			LogAssemblyErrors (0ms)
			InitializePlatformSupportModulesInManaged (12ms)
			SetLoadedEditorAssemblies (2ms)
			BeforeProcessingInitializeOnLoad (83ms)
			ProcessInitializeOnLoadAttributes (195ms)
			ProcessInitializeOnLoadMethodAttributes (106ms)
			AfterProcessingInitializeOnLoad (1ms)
			EditorAssembliesLoaded (0ms)
		ExecutionOrderSort2 (0ms)
		AwakeInstancesAfterBackupRestoration (2ms)
Refreshing native plugins compatible for Editor in 1.24 ms, found 1 plugins.
Preloading 0 native plugins for Editor in 0.00 ms.
Unloading 0 Unused Serialized files (Serialized files now loaded: 0)
Unloading 2934 unused Assets / (508.4 KB). Loaded Objects now: 3413.
Memory consumption went from 87.2 MB to 86.7 MB.
Total: 7.047792 ms (FindLiveObjects: 0.143750 ms CreateObjectMapping: 0.068833 ms MarkObjects: 6.442375 ms  DeleteObjects: 0.390583 ms)

Prepare: number of updated asset objects reloaded= 0
========================================================================
Received Prepare
Script 'CharacterController' has the same name as built-in Unity component.
AddComponent and GetComponent will not work with this script.
Refreshing native plugins compatible for Editor in 1.49 ms, found 1 plugins.
Preloading 0 native plugins for Editor in 0.00 ms.
Unloading 0 Unused Serialized files (Serialized files now loaded: 0)
Unloading 2902 unused Assets / (197.9 KB). Loaded Objects now: 3413.
Memory consumption went from 74.5 MB to 74.3 MB.
Total: 8.123333 ms (FindLiveObjects: 0.176542 ms CreateObjectMapping: 0.143083 ms MarkObjects: 7.217500 ms  DeleteObjects: 0.585333 ms)

Prepare: number of updated asset objects reloaded= 0
========================================================================
Received Prepare
[Licensing::Client] Successfully resolved entitlement details
[Licensing::Module] License group:
  Id: SC-GJXG-9WXN-YSRV-8BNU-XXXX
  Product: Unity Pro
  Type: ULF
  Expiration: 2025-12-25T00:00:00Z
[Licensing::Module] License group:
  Id: 7972454158402-easybrain-ltd-UnityGamesPrXXXX
  Product: Unity Enterprise
  Type: Assigned
  Expiration: 2025-12-19T00:00:00Z
Begin MonoManager ReloadAssembly
[Licensing::Client] Successfully resolved entitlement details
[Licensing::Module] License group:
  Id: SC-GJXG-9WXN-YSRV-8BNU-XXXX
  Product: Unity Pro
  Type: ULF
  Expiration: 2025-12-25T00:00:00Z
[Licensing::Module] License group:
  Id: 7972454158402-easybrain-ltd-UnityGamesPrXXXX
  Product: Unity Enterprise
  Type: Assigned
  Expiration: 2025-12-19T00:00:00Z
Thread 0x16df97000 may have been prematurely finalized
Symbol file LoadedFromMemory is not a mono symbol file
- Loaded All Assemblies, in  0.361 seconds
Script 'CharacterController' has the same name as built-in Unity component.
AddComponent and GetComponent will not work with this script.
Refreshing native plugins compatible for Editor in 1.39 ms, found 1 plugins.
Native extension for iOS target not found
2025-12-15 22:11:21.296 Unity[65753:2032639] [XcodeApplications] Failed to read NSDictionary from path ؾs5/Contents/Info.plist
Native extension for Android target not found
Native extension for OSXStandalone target not found
Refreshing native plugins compatible for Editor in 1.28 ms, found 1 plugins.
[Package Manager] Failed to launch server process. Reason: Unity was launched with the -noUpm command-line argument
[Package Manager] Unable to send message (not connected to server process).
[Package Manager] Cannot connect to Unity Package Manager local server
Mono: successfully reloaded assembly
- Finished resetting the current domain, in  0.481 seconds
Domain Reload Profiling: 843ms
	BeginReloadAssembly (108ms)
		ExecutionOrderSort (0ms)
		DisableScriptedObjects (4ms)
		BackupInstance (0ms)
		ReleaseScriptingObjects (0ms)
		CreateAndSetChildDomain (28ms)
	RebuildCommonClasses (25ms)
	RebuildNativeTypeToScriptingClass (10ms)
	initialDomainReloadingComplete (13ms)
	LoadAllAssembliesAndSetupDomain (207ms)
		LoadAssemblies (180ms)
		RebuildTransferFunctionScriptingTraits (0ms)
		AnalyzeDomain (67ms)
			TypeCache.Refresh (8ms)
				TypeCache.ScanAssembly (0ms)
			BuildScriptInfoCaches (56ms)
			ResolveRequiredComponents (2ms)
	FinalizeReload (481ms)
		ReleaseScriptCaches (0ms)
		RebuildScriptCaches (0ms)
		SetupLoadedEditorAssemblies (393ms)
			LogAssemblyErrors (0ms)
			InitializePlatformSupportModulesInManaged (12ms)
			SetLoadedEditorAssemblies (2ms)
			BeforeProcessingInitializeOnLoad (80ms)
			ProcessInitializeOnLoadAttributes (189ms)
			ProcessInitializeOnLoadMethodAttributes (108ms)
			AfterProcessingInitializeOnLoad (1ms)
			EditorAssembliesLoaded (0ms)
		ExecutionOrderSort2 (0ms)
		AwakeInstancesAfterBackupRestoration (2ms)
Refreshing native plugins compatible for Editor in 1.27 ms, found 1 plugins.
Preloading 0 native plugins for Editor in 0.00 ms.
Unloading 0 Unused Serialized files (Serialized files now loaded: 0)
Unloading 2934 unused Assets / (446.7 KB). Loaded Objects now: 3414.
Memory consumption went from 87.2 MB to 86.8 MB.
Total: 7.841208 ms (FindLiveObjects: 0.172209 ms CreateObjectMapping: 0.074959 ms MarkObjects: 7.108708 ms  DeleteObjects: 0.484500 ms)

Prepare: number of updated asset objects reloaded= 0
========================================================================
Received Prepare
[Licensing::Client] Successfully resolved entitlement details
[Licensing::Module] License group:
  Id: SC-GJXG-9WXN-YSRV-8BNU-XXXX
  Product: Unity Pro
  Type: ULF
  Expiration: 2025-12-25T00:00:00Z
[Licensing::Module] License group:
  Id: 7972454158402-easybrain-ltd-UnityGamesPrXXXX
  Product: Unity Enterprise
  Type: Assigned
  Expiration: 2025-12-19T00:00:00Z
Begin MonoManager ReloadAssembly
[Licensing::Client] Successfully resolved entitlement details
[Licensing::Module] License group:
  Id: SC-GJXG-9WXN-YSRV-8BNU-XXXX
  Product: Unity Pro
  Type: ULF
  Expiration: 2025-12-25T00:00:00Z
[Licensing::Module] License group:
  Id: 7972454158402-easybrain-ltd-UnityGamesPrXXXX
  Product: Unity Enterprise
  Type: Assigned
  Expiration: 2025-12-19T00:00:00Z
Thread 0x16dcb3000 may have been prematurely finalized
Symbol file LoadedFromMemory is not a mono symbol file
- Loaded All Assemblies, in  0.311 seconds
Script 'CharacterController' has the same name as built-in Unity component.
AddComponent and GetComponent will not work with this script.
Refreshing native plugins compatible for Editor in 2.15 ms, found 1 plugins.
Native extension for iOS target not found
Native extension for Android target not found
Native extension for OSXStandalone target not found
Refreshing native plugins compatible for Editor in 1.46 ms, found 1 plugins.
[Package Manager] Failed to launch server process. Reason: Unity was launched with the -noUpm command-line argument
[Package Manager] Unable to send message (not connected to server process).
[Package Manager] Cannot connect to Unity Package Manager local server
Mono: successfully reloaded assembly
- Finished resetting the current domain, in  0.526 seconds
Domain Reload Profiling: 837ms
	BeginReloadAssembly (100ms)
		ExecutionOrderSort (0ms)
		DisableScriptedObjects (4ms)
		BackupInstance (0ms)
		ReleaseScriptingObjects (0ms)
		CreateAndSetChildDomain (24ms)
	RebuildCommonClasses (25ms)
	RebuildNativeTypeToScriptingClass (10ms)
	initialDomainReloadingComplete (13ms)
	LoadAllAssembliesAndSetupDomain (163ms)
		LoadAssemblies (144ms)
		RebuildTransferFunctionScriptingTraits (0ms)
		AnalyzeDomain (60ms)
			TypeCache.Refresh (5ms)
				TypeCache.ScanAssembly (0ms)
			BuildScriptInfoCaches (51ms)
			ResolveRequiredComponents (2ms)
	FinalizeReload (526ms)
		ReleaseScriptCaches (0ms)
		RebuildScriptCaches (0ms)
		SetupLoadedEditorAssemblies (432ms)
			LogAssemblyErrors (0ms)
			InitializePlatformSupportModulesInManaged (14ms)
			SetLoadedEditorAssemblies (2ms)
			BeforeProcessingInitializeOnLoad (83ms)
			ProcessInitializeOnLoadAttributes (215ms)
			ProcessInitializeOnLoadMethodAttributes (116ms)
			AfterProcessingInitializeOnLoad (1ms)
			EditorAssembliesLoaded (0ms)
		ExecutionOrderSort2 (0ms)
		AwakeInstancesAfterBackupRestoration (2ms)
Refreshing native plugins compatible for Editor in 1.80 ms, found 1 plugins.
Preloading 0 native plugins for Editor in 0.00 ms.
Unloading 0 Unused Serialized files (Serialized files now loaded: 0)
Unloading 2934 unused Assets / (0.6 MB). Loaded Objects now: 3415.
Memory consumption went from 87.2 MB to 86.6 MB.
Total: 7.952083 ms (FindLiveObjects: 0.160583 ms CreateObjectMapping: 0.077333 ms MarkObjects: 7.164875 ms  DeleteObjects: 0.548708 ms)

Prepare: number of updated asset objects reloaded= 0
========================================================================
Received Prepare
Begin MonoManager ReloadAssembly
Thread 0x16dcb3000 may have been prematurely finalized
Symbol file LoadedFromMemory is not a mono symbol file
- Loaded All Assemblies, in  0.316 seconds
Script 'CharacterController' has the same name as built-in Unity component.
AddComponent and GetComponent will not work with this script.
Refreshing native plugins compatible for Editor in 1.35 ms, found 1 plugins.
Native extension for iOS target not found
Native extension for Android target not found
Native extension for OSXStandalone target not found
Refreshing native plugins compatible for Editor in 1.69 ms, found 1 plugins.
[Package Manager] Failed to launch server process. Reason: Unity was launched with the -noUpm command-line argument
[Package Manager] Unable to send message (not connected to server process).
[Package Manager] Cannot connect to Unity Package Manager local server
Mono: successfully reloaded assembly
- Finished resetting the current domain, in  0.519 seconds
Domain Reload Profiling: 836ms
	BeginReloadAssembly (94ms)
		ExecutionOrderSort (0ms)
		DisableScriptedObjects (3ms)
		BackupInstance (0ms)
		ReleaseScriptingObjects (0ms)
		CreateAndSetChildDomain (23ms)
	RebuildCommonClasses (24ms)
	RebuildNativeTypeToScriptingClass (10ms)
	initialDomainReloadingComplete (13ms)
	LoadAllAssembliesAndSetupDomain (176ms)
		LoadAssemblies (153ms)
		RebuildTransferFunctionScriptingTraits (0ms)
		AnalyzeDomain (59ms)
			TypeCache.Refresh (5ms)
				TypeCache.ScanAssembly (0ms)
			BuildScriptInfoCaches (50ms)
			ResolveRequiredComponents (2ms)
	FinalizeReload (519ms)
		ReleaseScriptCaches (0ms)
		RebuildScriptCaches (0ms)
		SetupLoadedEditorAssemblies (423ms)
			LogAssemblyErrors (0ms)
			InitializePlatformSupportModulesInManaged (14ms)
			SetLoadedEditorAssemblies (3ms)
			BeforeProcessingInitializeOnLoad (85ms)
			ProcessInitializeOnLoadAttributes (213ms)
			ProcessInitializeOnLoadMethodAttributes (108ms)
			AfterProcessingInitializeOnLoad (1ms)
			EditorAssembliesLoaded (0ms)
		ExecutionOrderSort2 (0ms)
		AwakeInstancesAfterBackupRestoration (2ms)
Refreshing native plugins compatible for Editor in 1.50 ms, found 1 plugins.
Preloading 0 native plugins for Editor in 0.00 ms.
Unloading 0 Unused Serialized files (Serialized files now loaded: 0)
Unloading 2934 unused Assets / (0.6 MB). Loaded Objects now: 3416.
Memory consumption went from 87.2 MB to 86.6 MB.
Total: 7.663708 ms (FindLiveObjects: 0.167792 ms CreateObjectMapping: 0.118667 ms MarkObjects: 6.905375 ms  DeleteObjects: 0.471250 ms)

Prepare: number of updated asset objects reloaded= 0
========================================================================
Received Prepare
[Licensing::Client] Successfully resolved entitlement details
[Licensing::Module] License group:
  Id: SC-GJXG-9WXN-YSRV-8BNU-XXXX
  Product: Unity Pro
  Type: ULF
  Expiration: 2025-12-25T00:00:00Z
[Licensing::Module] License group:
  Id: 7972454158402-easybrain-ltd-UnityGamesPrXXXX
  Product: Unity Enterprise
  Type: Assigned
  Expiration: 2025-12-19T00:00:00Z
Begin MonoManager ReloadAssembly
[Licensing::Client] Successfully resolved entitlement details
[Licensing::Module] License group:
  Id: SC-GJXG-9WXN-YSRV-8BNU-XXXX
  Product: Unity Pro
  Type: ULF
  Expiration: 2025-12-25T00:00:00Z
[Licensing::Module] License group:
  Id: 7972454158402-easybrain-ltd-UnityGamesPrXXXX
  Product: Unity Enterprise
  Type: Assigned
  Expiration: 2025-12-19T00:00:00Z
Thread 0x16dcb3000 may have been prematurely finalized
Symbol file LoadedFromMemory is not a mono symbol file
- Loaded All Assemblies, in  0.299 seconds
Script 'CharacterController' has the same name as built-in Unity component.
AddComponent and GetComponent will not work with this script.
Refreshing native plugins compatible for Editor in 1.38 ms, found 1 plugins.
Native extension for iOS target not found
Native extension for Android target not found
Native extension for OSXStandalone target not found
Refreshing native plugins compatible for Editor in 1.82 ms, found 1 plugins.
[Package Manager] Failed to launch server process. Reason: Unity was launched with the -noUpm command-line argument
[Package Manager] Unable to send message (not connected to server process).
[Package Manager] Cannot connect to Unity Package Manager local server
Mono: successfully reloaded assembly
- Finished resetting the current domain, in  0.530 seconds
Domain Reload Profiling: 830ms
	BeginReloadAssembly (95ms)
		ExecutionOrderSort (0ms)
		DisableScriptedObjects (3ms)
		BackupInstance (0ms)
		ReleaseScriptingObjects (0ms)
		CreateAndSetChildDomain (24ms)
	RebuildCommonClasses (24ms)
	RebuildNativeTypeToScriptingClass (9ms)
	initialDomainReloadingComplete (13ms)
	LoadAllAssembliesAndSetupDomain (158ms)
		LoadAssemblies (132ms)
		RebuildTransferFunctionScriptingTraits (0ms)
		AnalyzeDomain (61ms)
			TypeCache.Refresh (5ms)
				TypeCache.ScanAssembly (0ms)
			BuildScriptInfoCaches (53ms)
			ResolveRequiredComponents (2ms)
	FinalizeReload (530ms)
		ReleaseScriptCaches (0ms)
		RebuildScriptCaches (0ms)
		SetupLoadedEditorAssemblies (430ms)
			LogAssemblyErrors (0ms)
			InitializePlatformSupportModulesInManaged (14ms)
			SetLoadedEditorAssemblies (2ms)
			BeforeProcessingInitializeOnLoad (82ms)
			ProcessInitializeOnLoadAttributes (219ms)
			ProcessInitializeOnLoadMethodAttributes (112ms)
			AfterProcessingInitializeOnLoad (1ms)
			EditorAssembliesLoaded (0ms)
		ExecutionOrderSort2 (0ms)
		AwakeInstancesAfterBackupRestoration (2ms)
Refreshing native plugins compatible for Editor in 1.42 ms, found 1 plugins.
Preloading 0 native plugins for Editor in 0.00 ms.
Unloading 0 Unused Serialized files (Serialized files now loaded: 0)
Unloading 2934 unused Assets / (0.6 MB). Loaded Objects now: 3417.
Memory consumption went from 87.2 MB to 86.6 MB.
Total: 7.682625 ms (FindLiveObjects: 0.148959 ms CreateObjectMapping: 0.074625 ms MarkObjects: 6.994667 ms  DeleteObjects: 0.463583 ms)

Prepare: number of updated asset objects reloaded= 0
========================================================================
Received Prepare
Script 'CharacterController' has the same name as built-in Unity component.
AddComponent and GetComponent will not work with this script.
Refreshing native plugins compatible for Editor in 1.33 ms, found 1 plugins.
Preloading 0 native plugins for Editor in 0.00 ms.
Unloading 0 Unused Serialized files (Serialized files now loaded: 0)
Unloading 2902 unused Assets / (479.5 KB). Loaded Objects now: 3417.
Memory consumption went from 74.6 MB to 74.1 MB.
Total: 7.920042 ms (FindLiveObjects: 0.164000 ms CreateObjectMapping: 0.077833 ms MarkObjects: 7.187125 ms  DeleteObjects: 0.489792 ms)

Prepare: number of updated asset objects reloaded= 0
========================================================================
Received Prepare
[Licensing::Client] Successfully resolved entitlement details
[Licensing::Module] License group:
  Id: SC-GJXG-9WXN-YSRV-8BNU-XXXX
  Product: Unity Pro
  Type: ULF
  Expiration: 2025-12-25T00:00:00Z
[Licensing::Module] License group:
  Id: 7972454158402-easybrain-ltd-UnityGamesPrXXXX
  Product: Unity Enterprise
  Type: Assigned
  Expiration: 2025-12-19T00:00:00Z
Begin MonoManager ReloadAssembly
[Licensing::Client] Successfully resolved entitlement details
[Licensing::Module] License group:
  Id: SC-GJXG-9WXN-YSRV-8BNU-XXXX
  Product: Unity Pro
  Type: ULF
  Expiration: 2025-12-25T00:00:00Z
[Licensing::Module] License group:
  Id: 7972454158402-easybrain-ltd-UnityGamesPrXXXX
  Product: Unity Enterprise
  Type: Assigned
  Expiration: 2025-12-19T00:00:00Z
Thread 0x16dcb3000 may have been prematurely finalized
Symbol file LoadedFromMemory is not a mono symbol file
- Loaded All Assemblies, in  0.390 seconds
Script 'CharacterController' has the same name as built-in Unity component.
AddComponent and GetComponent will not work with this script.
Refreshing native plugins compatible for Editor in 2.48 ms, found 1 plugins.
Native extension for iOS target not found
Native extension for Android target not found
Native extension for OSXStandalone target not found
Refreshing native plugins compatible for Editor in 1.77 ms, found 1 plugins.
[Package Manager] Failed to launch server process. Reason: Unity was launched with the -noUpm command-line argument
[Package Manager] Unable to send message (not connected to server process).
[Package Manager] Cannot connect to Unity Package Manager local server
Mono: successfully reloaded assembly
- Finished resetting the current domain, in  0.531 seconds
Domain Reload Profiling: 923ms
	BeginReloadAssembly (128ms)
		ExecutionOrderSort (0ms)
		DisableScriptedObjects (4ms)
		BackupInstance (0ms)
		ReleaseScriptingObjects (0ms)
		CreateAndSetChildDomain (37ms)
	RebuildCommonClasses (25ms)
	RebuildNativeTypeToScriptingClass (10ms)
	initialDomainReloadingComplete (13ms)
	LoadAllAssembliesAndSetupDomain (215ms)
		LoadAssemblies (190ms)
		RebuildTransferFunctionScriptingTraits (0ms)
		AnalyzeDomain (64ms)
			TypeCache.Refresh (8ms)
				TypeCache.ScanAssembly (0ms)
			BuildScriptInfoCaches (52ms)
			ResolveRequiredComponents (2ms)
	FinalizeReload (532ms)
		ReleaseScriptCaches (0ms)
		RebuildScriptCaches (0ms)
		SetupLoadedEditorAssemblies (428ms)
			LogAssemblyErrors (0ms)
			InitializePlatformSupportModulesInManaged (14ms)
			SetLoadedEditorAssemblies (3ms)
			BeforeProcessingInitializeOnLoad (84ms)
			ProcessInitializeOnLoadAttributes (215ms)
			ProcessInitializeOnLoadMethodAttributes (111ms)
			AfterProcessingInitializeOnLoad (1ms)
			EditorAssembliesLoaded (0ms)
		ExecutionOrderSort2 (0ms)
		AwakeInstancesAfterBackupRestoration (2ms)
Refreshing native plugins compatible for Editor in 1.33 ms, found 1 plugins.
Preloading 0 native plugins for Editor in 0.00 ms.
Unloading 0 Unused Serialized files (Serialized files now loaded: 0)
Unloading 2934 unused Assets / (0.7 MB). Loaded Objects now: 3418.
Memory consumption went from 87.2 MB to 86.6 MB.
Total: 7.609584 ms (FindLiveObjects: 0.170042 ms CreateObjectMapping: 0.080500 ms MarkObjects: 6.873875 ms  DeleteObjects: 0.484375 ms)

Prepare: number of updated asset objects reloaded= 0
